This file contains any messages produced by compilers while
running configure, to aid debugging if configure makes a mistake.

It was created by libdrng configure 1.0, which was
generated by GNU Autoconf 2.69.  Invocation command line was

  $ ./configure 

## --------- ##
## Platform. ##
## --------- ##

hostname = Ju-Youns-MacBook-Pro.local
uname -m = x86_64
uname -r = 18.7.0
uname -s = Darwin
uname -v = Darwin Kernel Version 18.7.0: Sat Oct 12 00:02:19 PDT 2019; root:xnu-4903.278.12~1/RELEASE_X86_64

/usr/bin/uname -p = i386
/bin/uname -X     = unknown

/bin/arch              = unknown
/usr/bin/arch -k       = unknown
/usr/convex/getsysinfo = unknown
/usr/bin/hostinfo      = Mach kernel version:
	 Darwin Kernel Version 18.7.0: Sat Oct 12 00:02:19 PDT 2019; root:xnu-4903.278.12~1/RELEASE_X86_64
Kernel configured for up to 12 processors.
6 processors are physically available.
12 processors are logically available.
Processor type: x86_64h (Intel x86-64h Haswell)
Processors active: 0 1 2 3 4 5 6 7 8 9 10 11
Primary memory available: 32.00 gigabytes
Default processor set: 521 tasks, 2828 threads, 12 processors
Load average: 2.19, Mach factor: 9.80
/bin/machine           = unknown
/usr/bin/oslevel       = unknown
/bin/universe          = unknown

PATH: /Users/jycsec/.rvm/gems/ruby-2.6.4/bin
PATH: /Users/jycsec/.rvm/gems/ruby-2.6.4@global/bin
PATH: /Users/jycsec/.rvm/rubies/ruby-2.6.4/bin
PATH: /usr/local/opt/ruby/bin
PATH: /usr/local/opt/ruby/bin
PATH: /Library/Frameworks/Python.framework/Versions/3.7/bin
PATH: /usr/local/bin
PATH: /usr/bin
PATH: /bin
PATH: /usr/sbin
PATH: /sbin
PATH: /Applications/VMware Fusion.app/Contents/Public
PATH: /opt/X11/bin
PATH: /Users/jycsec/.rvm/gems/ruby-2.6.4/bin
PATH: /Users/jycsec/.rvm/gems/ruby-2.6.4@global/bin
PATH: /Users/jycsec/.rvm/rubies/ruby-2.6.4/bin
PATH: /usr/local/opt/ruby/bin
PATH: /Library/Frameworks/Python.framework/Versions/3.7/bin
PATH: /Users/jycsec/.rvm/bin


## ----------- ##
## Core tests. ##
## ----------- ##

configure:2027: checking for icc
configure:2057: result: no
configure:2027: checking for gcc
configure:2043: found /usr/bin/gcc
configure:2054: result: gcc
configure:2085: checking for C compiler version
configure:2094: gcc --version >&5
Apple LLVM version 10.0.1 (clang-1001.0.46.4)
Target: x86_64-apple-darwin18.7.0
Thread model: posix
InstalledDir: /Library/Developer/CommandLineTools/usr/bin
Configured with: --prefix=/Library/Developer/CommandLineTools/usr --with-gxx-include-dir=/Library/Developer/CommandLineTools/SDKs/MacOSX10.14.sdk/usr/include/c++/4.2.1
configure:2105: $? = 0
configure:2094: gcc -v >&5
Configured with: --prefix=/Library/Developer/CommandLineTools/usr --with-gxx-include-dir=/Library/Developer/CommandLineTools/SDKs/MacOSX10.14.sdk/usr/include/c++/4.2.1
Apple LLVM version 10.0.1 (clang-1001.0.46.4)
Target: x86_64-apple-darwin18.7.0
Thread model: posix
InstalledDir: /Library/Developer/CommandLineTools/usr/bin
configure:2105: $? = 0
configure:2094: gcc -V >&5
clang: error: unsupported option '-V -Wno-atomic-implicit-seq-cst'
clang: error: no input files
configure:2105: $? = 1
configure:2094: gcc -qversion >&5
clang: error: unknown argument '-qversion', did you mean '--version'?
clang: error: no input files
configure:2105: $? = 1
configure:2125: checking whether the C compiler works
configure:2147: gcc    conftest.c  >&5
configure:2151: $? = 0
configure:2199: result: yes
configure:2202: checking for C compiler default output file name
configure:2204: result: a.out
configure:2210: checking for suffix of executables
configure:2217: gcc -o conftest    conftest.c  >&5
configure:2221: $? = 0
configure:2243: result: 
configure:2265: checking whether we are cross compiling
configure:2273: gcc -o conftest    conftest.c  >&5
configure:2277: $? = 0
configure:2284: ./conftest
configure:2288: $? = 0
configure:2303: result: no
configure:2308: checking for suffix of object files
configure:2330: gcc -c   conftest.c >&5
configure:2334: $? = 0
configure:2355: result: o
configure:2359: checking whether we are using the GNU C compiler
configure:2378: gcc -c   conftest.c >&5
configure:2378: $? = 0
configure:2387: result: yes
configure:2396: checking whether gcc accepts -g
configure:2416: gcc -c -g  conftest.c >&5
configure:2416: $? = 0
configure:2457: result: yes
configure:2474: checking for gcc option to accept ISO C89
configure:2537: gcc  -c -g -O2  conftest.c >&5
configure:2537: $? = 0
configure:2550: result: none needed
configure:2573: checking if gcc knows the rdrand instruction
configure:2589: gcc -c -g -O2  conftest.c >&5
configure:2589: $? = 0
configure:2592: result: yes
configure:2603: checking if gcc knows the rdseed instruction
configure:2618: gcc -c -g -O2  conftest.c >&5
configure:2618: $? = 0
configure:2621: result: yes
configure:2635: checking how to run the C preprocessor
configure:2666: gcc -E  conftest.c
configure:2666: $? = 0
configure:2680: gcc -E  conftest.c
conftest.c:11:10: fatal error: 'ac_nonexistent.h' file not found
#include <ac_nonexistent.h>
         ^~~~~~~~~~~~~~~~~~
1 error generated.
configure:2680: $? = 1
configure: failed program was:
| /* confdefs.h */
| #define PACKAGE_NAME "libdrng"
| #define PACKAGE_TARNAME "libdrng"
| #define PACKAGE_VERSION "1.0"
| #define PACKAGE_STRING "libdrng 1.0"
| #define PACKAGE_BUGREPORT "Intel Software Network"
| #define PACKAGE_URL ""
| #define HAVE_RDRAND_IN_GCC /**/
| #define HAVE_RDSEED_IN_GCC /**/
| /* end confdefs.h.  */
| #include <ac_nonexistent.h>
configure:2705: result: gcc -E
configure:2725: gcc -E  conftest.c
configure:2725: $? = 0
configure:2739: gcc -E  conftest.c
conftest.c:11:10: fatal error: 'ac_nonexistent.h' file not found
#include <ac_nonexistent.h>
         ^~~~~~~~~~~~~~~~~~
1 error generated.
configure:2739: $? = 1
configure: failed program was:
| /* confdefs.h */
| #define PACKAGE_NAME "libdrng"
| #define PACKAGE_TARNAME "libdrng"
| #define PACKAGE_VERSION "1.0"
| #define PACKAGE_STRING "libdrng 1.0"
| #define PACKAGE_BUGREPORT "Intel Software Network"
| #define PACKAGE_URL ""
| #define HAVE_RDRAND_IN_GCC /**/
| #define HAVE_RDSEED_IN_GCC /**/
| /* end confdefs.h.  */
| #include <ac_nonexistent.h>
configure:2768: checking for grep that handles long lines and -e
configure:2826: result: /usr/bin/grep
configure:2831: checking for egrep
configure:2893: result: /usr/bin/grep -E
configure:2898: checking for ANSI C header files
configure:2918: gcc -c -g -O2  conftest.c >&5
configure:2918: $? = 0
configure:2991: gcc -o conftest -g -O2   conftest.c  >&5
configure:2991: $? = 0
configure:2991: ./conftest
configure:2991: $? = 0
configure:3002: result: yes
configure:3015: checking for sys/types.h
configure:3015: gcc -c -g -O2  conftest.c >&5
configure:3015: $? = 0
configure:3015: result: yes
configure:3015: checking for sys/stat.h
configure:3015: gcc -c -g -O2  conftest.c >&5
configure:3015: $? = 0
configure:3015: result: yes
configure:3015: checking for stdlib.h
configure:3015: gcc -c -g -O2  conftest.c >&5
configure:3015: $? = 0
configure:3015: result: yes
configure:3015: checking for string.h
configure:3015: gcc -c -g -O2  conftest.c >&5
configure:3015: $? = 0
configure:3015: result: yes
configure:3015: checking for memory.h
configure:3015: gcc -c -g -O2  conftest.c >&5
configure:3015: $? = 0
configure:3015: result: yes
configure:3015: checking for strings.h
configure:3015: gcc -c -g -O2  conftest.c >&5
configure:3015: $? = 0
configure:3015: result: yes
configure:3015: checking for inttypes.h
configure:3015: gcc -c -g -O2  conftest.c >&5
configure:3015: $? = 0
configure:3015: result: yes
configure:3015: checking for stdint.h
configure:3015: gcc -c -g -O2  conftest.c >&5
configure:3015: $? = 0
configure:3015: result: yes
configure:3015: checking for unistd.h
configure:3015: gcc -c -g -O2  conftest.c >&5
configure:3015: $? = 0
configure:3015: result: yes
configure:3029: checking for inttypes.h
configure:3029: result: yes
configure:3160: creating ./config.status

## ---------------------- ##
## Running config.status. ##
## ---------------------- ##

This file was extended by libdrng config.status 1.0, which was
generated by GNU Autoconf 2.69.  Invocation command line was

  CONFIG_FILES    = 
  CONFIG_HEADERS  = 
  CONFIG_LINKS    = 
  CONFIG_COMMANDS = 
  $ ./config.status 

on Ju-Youns-MacBook-Pro.local

config.status:800: creating Makefile
config.status:800: creating config.h

## ---------------- ##
## Cache variables. ##
## ---------------- ##

ac_cv_c_compiler_gnu=yes
ac_cv_env_CC_set=
ac_cv_env_CC_value=
ac_cv_env_CFLAGS_set=
ac_cv_env_CFLAGS_value=
ac_cv_env_CPPFLAGS_set=
ac_cv_env_CPPFLAGS_value=
ac_cv_env_CPP_set=
ac_cv_env_CPP_value=
ac_cv_env_LDFLAGS_set=
ac_cv_env_LDFLAGS_value=
ac_cv_env_LIBS_set=
ac_cv_env_LIBS_value=
ac_cv_env_build_alias_set=
ac_cv_env_build_alias_value=
ac_cv_env_host_alias_set=
ac_cv_env_host_alias_value=
ac_cv_env_target_alias_set=
ac_cv_env_target_alias_value=
ac_cv_header_inttypes_h=yes
ac_cv_header_memory_h=yes
ac_cv_header_stdc=yes
ac_cv_header_stdint_h=yes
ac_cv_header_stdlib_h=yes
ac_cv_header_string_h=yes
ac_cv_header_strings_h=yes
ac_cv_header_sys_stat_h=yes
ac_cv_header_sys_types_h=yes
ac_cv_header_unistd_h=yes
ac_cv_objext=o
ac_cv_path_EGREP='/usr/bin/grep -E'
ac_cv_path_GREP=/usr/bin/grep
ac_cv_prog_CPP='gcc -E'
ac_cv_prog_ac_ct_CC=gcc
ac_cv_prog_cc_c89=
ac_cv_prog_cc_g=yes

## ----------------- ##
## Output variables. ##
## ----------------- ##

CC='gcc'
CFLAGS='-g -O2'
CPP='gcc -E'
CPPFLAGS=''
DEFS='-DHAVE_CONFIG_H'
ECHO_C='\c'
ECHO_N=''
ECHO_T=''
EGREP='/usr/bin/grep -E'
EXEEXT=''
GREP='/usr/bin/grep'
LDFLAGS=''
LIBOBJS=''
LIBS=''
LTLIBOBJS=''
OBJEXT='o'
PACKAGE_BUGREPORT='Intel Software Network'
PACKAGE_NAME='libdrng'
PACKAGE_STRING='libdrng 1.0'
PACKAGE_TARNAME='libdrng'
PACKAGE_URL=''
PACKAGE_VERSION='1.0'
PATH_SEPARATOR=':'
SHELL='/bin/sh'
ac_ct_CC='gcc'
bindir='${exec_prefix}/bin'
build_alias=''
datadir='${datarootdir}'
datarootdir='${prefix}/share'
docdir='${datarootdir}/doc/${PACKAGE_TARNAME}'
dvidir='${docdir}'
exec_prefix='${prefix}'
host_alias=''
htmldir='${docdir}'
includedir='${prefix}/include'
infodir='${datarootdir}/info'
libdir='${exec_prefix}/lib'
libexecdir='${exec_prefix}/libexec'
localedir='${datarootdir}/locale'
localstatedir='${prefix}/var'
mandir='${datarootdir}/man'
oldincludedir='/usr/include'
pdfdir='${docdir}'
prefix='/usr/local'
program_transform_name='s,x,x,'
psdir='${docdir}'
sbindir='${exec_prefix}/sbin'
sharedstatedir='${prefix}/com'
sysconfdir='${prefix}/etc'
target_alias=''

## ----------- ##
## confdefs.h. ##
## ----------- ##

/* confdefs.h */
#define PACKAGE_NAME "libdrng"
#define PACKAGE_TARNAME "libdrng"
#define PACKAGE_VERSION "1.0"
#define PACKAGE_STRING "libdrng 1.0"
#define PACKAGE_BUGREPORT "Intel Software Network"
#define PACKAGE_URL ""
#define HAVE_RDRAND_IN_GCC /**/
#define HAVE_RDSEED_IN_GCC /**/
#define STDC_HEADERS 1
#define HAVE_SYS_TYPES_H 1
#define HAVE_SYS_STAT_H 1
#define HAVE_STDLIB_H 1
#define HAVE_STRING_H 1
#define HAVE_MEMORY_H 1
#define HAVE_STRINGS_H 1
#define HAVE_INTTYPES_H 1
#define HAVE_STDINT_H 1
#define HAVE_UNISTD_H 1
#define HAVE_INTTYPES_H 1

configure: exit 0
